super_admin user already exists
admin user already exists
healthcare_admin user already exists
agriculture_admin user already exists
user user already exists
healthcare_admin user already exists
agriculture_admin user already exists
admin user already exists
user user already exists
user user already exists
user user already exists
user user already exists
user user already exists
user user already exists
user user already exists
Starting GovConnect Backend...
Available endpoints:
POST /auth/login
POST /auth/register
GET /auth/verify
POST /auth/refresh
POST /auth/logout
POST /tasks/submit
GET /healthcare/hospitals
POST /healthcare/hospitals
PUT /healthcare/hospitals/<hospital_id>
DELETE /healthcare/hospitals/<hospital_id>
GET /healthcare/doctors
POST /healthcare/doctors
PUT /healthcare/doctors/<doctor_id>
DELETE /healthcare/doctors/<doctor_id>
GET /agriculture/farmers
POST /agriculture/farmers
PUT /agriculture/farmers/<farmer_id>
DELETE /agriculture/farmers/<farmer_id>
GET /appointments
POST /appointments
PUT /appointments/<appointment_id>
GET /appointments/my
GET /dashboard/metrics
GET /health
GET /admin/users
POST /admin/users
PUT /admin/users/<user_id>
DELETE /admin/users/<user_id>
GET /admin/services
POST /admin/services
PUT /admin/services/<service_id>
DELETE /admin/services/<service_id>
POST /admin/restart
POST /admin/dynamic/setup
POST /admin/dynamic/tables
GET /admin/dynamic/tables
GET /admin/dynamic/tables/<table_name>/metadata
POST /admin/dynamic/tables/<table_name>/data
GET /admin/dynamic/tables/<table_name>/data
GET /alerts
POST /alerts
DELETE /alerts/<alert_id>
POST /chat
Running on 0.0.0.0:5000
 * Serving Flask app 'app'
 * Debug mode: off
2026-01-18 12:43:52,460 - INFO - [31m[1mWARNING: This is a development server. Do not use it in a production deployment. Use a production WSGI server instead.[0m
 * Running on all addresses (0.0.0.0)
 * Running on http://127.0.0.1:5000
 * Running on http://10.1.125.158:5000
2026-01-18 12:43:52,460 - INFO - [33mPress CTRL+C to quit[0m
2026-01-18 12:43:52,804 - INFO - 127.0.0.1 - - [18/Jan/2026 12:43:52] "[33mPOST /api/auth/login HTTP/1.1[0m" 404 -
2026-01-18 12:43:52,811 - INFO - 127.0.0.1 - - [18/Jan/2026 12:43:52] "[33mPOST /api/chat HTTP/1.1[0m" 404 -
2026-01-18 12:44:02,357 - INFO - 127.0.0.1 - - [18/Jan/2026 12:44:02] "GET /alerts HTTP/1.1" 200 -
